<?xml version="1.0" encoding="UTF-8"?>
<testsuite name="com.gen.auth.client.SupabaseAuthClientTest" tests="9" skipped="0" failures="0" errors="0" timestamp="2026-05-06T05:33:36.754Z" hostname="ANKUSH_WOLFY" time="0.198">
  <properties/>
  <testcase name="signInWithPassword_mapsErrorToSupabaseAuthException()" classname="com.gen.auth.client.SupabaseAuthClientTest" time="0.127"/>
  <testcase name="findUserByEmail_returnsMatchFromFirstPage()" classname="com.gen.auth.client.SupabaseAuthClientTest" time="0.033"/>
  <testcase name="adminDeleteUser_usesServiceRoleHeadersAndSucceedsWithoutBody()" classname="com.gen.auth.client.SupabaseAuthClientTest" time="0.003"/>
  <testcase name="signInWithPassword_mapsSuccessBody()" classname="com.gen.auth.client.SupabaseAuthClientTest" time="0.018"/>
  <testcase name="adminCreateUser_mapsSuccessBodyAndUsesServiceRoleHeaders()" classname="com.gen.auth.client.SupabaseAuthClientTest" time="0.003"/>
  <testcase name="adminDeleteUser_mapsNotFoundToSupabaseAuthException()" classname="com.gen.auth.client.SupabaseAuthClientTest" time="0.004"/>
  <testcase name="adminDeleteUser_mapsErrorToSupabaseAuthException()" classname="com.gen.auth.client.SupabaseAuthClientTest" time="0.002"/>
  <testcase name="findUserByEmail_returnsEmptyWhenNoMatch()" classname="com.gen.auth.client.SupabaseAuthClientTest" time="0.003"/>
  <testcase name="adminCreateUser_mapsErrorToSupabaseAuthException()" classname="com.gen.auth.client.SupabaseAuthClientTest" time="0.002"/>
  <system-out><![CDATA[]]></system-out>
  <system-err><![CDATA[]]></system-err>
</testsuite>
