<?xml version="1.0" encoding="UTF-8"?>
<testsuite name="com.gen.auth.messaging.AuthInboundMessageListenerTest" tests="2" skipped="0" failures="0" errors="0" timestamp="2026-05-06T05:33:37.695Z" hostname="ANKUSH_WOLFY" time="0.034">
  <properties/>
  <testcase name="onUserDeleted_delegatesToDeleteByEmail()" classname="com.gen.auth.messaging.AuthInboundMessageListenerTest" time="0.031"/>
  <testcase name="onUserCreated_delegatesToAuthService()" classname="com.gen.auth.messaging.AuthInboundMessageListenerTest" time="0.002"/>
  <system-out><![CDATA[2026-05-05T22:33:37.721-07:00  INFO 81380 --- [    Test worker] c.g.a.m.AuthInboundMessageListener       : auth.user.deleted received email=person@example.com
2026-05-05T22:33:37.729-07:00  INFO 81380 --- [    Test worker] c.g.a.m.AuthInboundMessageListener       : auth.user.created received email=person@example.com role=CUSTOMER
]]></system-out>
  <system-err><![CDATA[]]></system-err>
</testsuite>
